This file contains any messages produced by compilers while
running configure, to aid debugging if configure makes a mistake.

It was created by libnfc configure 1.7.1, which was
generated by GNU Autoconf 2.68.  Invocation command line was

  $ ./configure --prefix=/usr --sysconfdir=/etc

## --------- ##
## Platform. ##
## --------- ##

hostname = raspberrypi
uname -m = armv7l
uname -r = 4.19.75-v7+
uname -s = Linux
uname -v = #1270 SMP Tue Sep 24 18:45:11 BST 2019

/usr/bin/uname -p = unknown
/bin/uname -X     = unknown

/bin/arch              = unknown
/usr/bin/arch -k       = unknown
/usr/convex/getsysinfo = unknown
/usr/bin/hostinfo      = unknown
/bin/machine           = unknown
/usr/bin/oslevel       = unknown
/bin/universe          = unknown

PATH: /usr/local/sbin
PATH: /usr/local/bin
PATH: /usr/sbin
PATH: /usr/bin
PATH: /sbin
PATH: /bin
PATH: /usr/local/games
PATH: /usr/games


## ----------- ##
## Core tests. ##
## ----------- ##

configure:2528: checking for a BSD-compatible install
configure:2596: result: /usr/bin/install -c
configure:2607: checking whether build environment is sane
configure:2657: result: yes
configure:2798: checking for a thread-safe mkdir -p
configure:2837: result: /bin/mkdir -p
configure:2850: checking for gawk
configure:2880: result: no
configure:2850: checking for mawk
configure:2866: found /usr/bin/mawk
configure:2877: result: mawk
configure:2888: checking whether make sets $(MAKE)
configure:2910: result: yes
configure:3002: checking for style of include used by make
configure:3030: result: GNU
configure:3101: checking for gcc
configure:3117: found /usr/bin/gcc
configure:3128: result: gcc
configure:3357: checking for C compiler version
configure:3366: gcc --version >&5
gcc (Raspbian 8.3.0-6+rpi1) 8.3.0
Copyright (C) 2018 Free Software Foundation, Inc.
This is free software; see the source for copying conditions.  There is NO
warranty; not even for MERCHANTABILITY or FITNESS FOR A PARTICULAR PURPOSE.

configure:3377: $? = 0
configure:3366: gcc -v >&5
Using built-in specs.
COLLECT_GCC=gcc
COLLECT_LTO_WRAPPER=/usr/lib/gcc/arm-linux-gnueabihf/8/lto-wrapper
Target: arm-linux-gnueabihf
Configured with: ../src/configure -v --with-pkgversion='Raspbian 8.3.0-6+rpi1' --with-bugurl=file:///usr/share/doc/gcc-8/README.Bugs --enable-languages=c,ada,c++,go,d,fortran,objc,obj-c++ --prefix=/usr --with-gcc-major-version-only --program-suffix=-8 --program-prefix=arm-linux-gnueabihf- --enable-shared --enable-linker-build-id --libexecdir=/usr/lib --without-included-gettext --enable-threads=posix --libdir=/usr/lib --enable-nls --enable-bootstrap --enable-clocale=gnu --enable-libstdcxx-debug --enable-libstdcxx-time=yes --with-default-libstdcxx-abi=new --enable-gnu-unique-object --disable-libitm --disable-libquadmath --disable-libquadmath-support --enable-plugin --with-system-zlib --with-target-system-zlib --enable-objc-gc=auto --enable-multiarch --disable-sjlj-exceptions --with-arch=armv6 --with-fpu=vfp --with-float=hard --disable-werror --enable-checking=release --build=arm-linux-gnueabihf --host=arm-linux-gnueabihf --target=arm-linux-gnueabihf
Thread model: posix
gcc version 8.3.0 (Raspbian 8.3.0-6+rpi1) 
configure:3377: $? = 0
configure:3366: gcc -V >&5
gcc: error: unrecognized command line option '-V'
gcc: fatal error: no input files
compilation terminated.
configure:3377: $? = 1
configure:3366: gcc -qversion >&5
gcc: error: unrecognized command line option '-qversion'; did you mean '--version'?
gcc: fatal error: no input files
compilation terminated.
configure:3377: $? = 1
configure:3397: checking whether the C compiler works
configure:3419: gcc    conftest.c  >&5
configure:3423: $? = 0
configure:3471: result: yes
configure:3474: checking for C compiler default output file name
configure:3476: result: a.out
configure:3482: checking for suffix of executables
configure:3489: gcc -o conftest    conftest.c  >&5
configure:3493: $? = 0
configure:3515: result: 
configure:3537: checking whether we are cross compiling
configure:3545: gcc -o conftest    conftest.c  >&5
configure:3549: $? = 0
configure:3556: ./conftest
configure:3560: $? = 0
configure:3548: result: no
configure:3553: checking for suffix of object files
configure:3575: gcc -c   conftest.c >&5
configure:3579: $? = 0
configure:3600: result: o
configure:3604: checking whether we are using the GNU C compiler
configure:3623: gcc -c   conftest.c >&5
configure:3623: $? = 0
configure:3632: result: yes
configure:3641: checking whether gcc accepts -g
configure:3661: gcc -c -g  conftest.c >&5
configure:3661: $? = 0
configure:3702: result: yes
configure:3719: checking for gcc option to accept ISO C89
configure:3783: gcc  -c -g -O2  conftest.c >&5
configure:3783: $? = 0
configure:3796: result: none needed
configure:3818: checking dependency style of gcc
configure:3929: result: gcc3
configure:3994: checking for ar
configure:4010: found /usr/bin/ar
configure:4021: result: ar
configure:4047: checking the archiver (ar) interface
configure:4057: gcc -c -g -O2  conftest.c >&5
configure:4057: $? = 0
configure:4059: ar cru libconftest.a conftest.o >&5
ar: `u' modifier ignored since `D' is the default (see `U')
configure:4062: $? = 0
configure:4061: result: ar
configure:4093: checking whether make supports nested variables
configure:4110: result: yes
configure:4176: checking for gcc
configure:4203: result: gcc
configure:4432: checking for C compiler version
configure:4441: gcc --version >&5
gcc (Raspbian 8.3.0-6+rpi1) 8.3.0
Copyright (C) 2018 Free Software Foundation, Inc.
This is free software; see the source for copying conditions.  There is NO
warranty; not even for MERCHANTABILITY or FITNESS FOR A PARTICULAR PURPOSE.

configure:4452: $? = 0
configure:4441: gcc -v >&5
Using built-in specs.
COLLECT_GCC=gcc
COLLECT_LTO_WRAPPER=/usr/lib/gcc/arm-linux-gnueabihf/8/lto-wrapper
Target: arm-linux-gnueabihf
Configured with: ../src/configure -v --with-pkgversion='Raspbian 8.3.0-6+rpi1' --with-bugurl=file:///usr/share/doc/gcc-8/README.Bugs --enable-languages=c,ada,c++,go,d,fortran,objc,obj-c++ --prefix=/usr --with-gcc-major-version-only --program-suffix=-8 --program-prefix=arm-linux-gnueabihf- --enable-shared --enable-linker-build-id --libexecdir=/usr/lib --without-included-gettext --enable-threads=posix --libdir=/usr/lib --enable-nls --enable-bootstrap --enable-clocale=gnu --enable-libstdcxx-debug --enable-libstdcxx-time=yes --with-default-libstdcxx-abi=new --enable-gnu-unique-object --disable-libitm --disable-libquadmath --disable-libquadmath-support --enable-plugin --with-system-zlib --with-target-system-zlib --enable-objc-gc=auto --enable-multiarch --disable-sjlj-exceptions --with-arch=armv6 --with-fpu=vfp --with-float=hard --disable-werror --enable-checking=release --build=arm-linux-gnueabihf --host=arm-linux-gnueabihf --target=arm-linux-gnueabihf
Thread model: posix
gcc version 8.3.0 (Raspbian 8.3.0-6+rpi1) 
configure:4452: $? = 0
configure:4441: gcc -V >&5
gcc: error: unrecognized command line option '-V'
gcc: fatal error: no input files
compilation terminated.
configure:4452: $? = 1
configure:4441: gcc -qversion >&5
gcc: error: unrecognized command line option '-qversion'; did you mean '--version'?
gcc: fatal error: no input files
compilation terminated.
configure:4452: $? = 1
configure:4456: checking whether we are using the GNU C compiler
configure:4484: result: yes
configure:4493: checking whether gcc accepts -g
configure:4554: result: yes
configure:4571: checking for gcc option to accept ISO C89
configure:4648: result: none needed
configure:4670: checking dependency style of gcc
configure:4781: result: gcc3
configure:4796: checking whether make sets $(MAKE)
configure:4818: result: yes
configure:4859: checking build system type
configure:4873: result: armv7l-unknown-linux-gnueabihf
configure:4893: checking host system type
configure:4906: result: armv7l-unknown-linux-gnueabihf
configure:4947: checking how to print strings
configure:4974: result: printf
configure:4995: checking for a sed that does not truncate output
configure:5059: result: /bin/sed
configure:5077: checking for grep that handles long lines and -e
configure:5135: result: /bin/grep
configure:5140: checking for egrep
configure:5202: result: /bin/grep -E
configure:5207: checking for fgrep
configure:5269: result: /bin/grep -F
configure:5304: checking for ld used by gcc
configure:5371: result: /usr/bin/ld
configure:5378: checking if the linker (/usr/bin/ld) is GNU ld
configure:5393: result: yes
configure:5405: checking for BSD- or MS-compatible name lister (nm)
configure:5454: result: /usr/bin/nm -B
configure:5584: checking the name lister (/usr/bin/nm -B) interface
configure:5591: gcc -c -g -O2  conftest.c >&5
configure:5594: /usr/bin/nm -B "conftest.o"
configure:5597: output
00000000 B some_variable
configure:5598: result: BSD nm
configure:5601: checking whether ln -s works
configure:5605: result: yes
configure:5613: checking the maximum length of command line arguments
configure:5743: result: 1572864
configure:5760: checking whether the shell understands some XSI constructs
configure:5769: result: yes
configure:5773: checking whether the shell understands "+="
configure:5777: result: yes
configure:5812: checking how to convert armv7l-unknown-linux-gnueabihf file names to armv7l-unknown-linux-gnueabihf format
configure:5852: result: func_convert_file_noop
configure:5859: checking how to convert armv7l-unknown-linux-gnueabihf file names to toolchain format
configure:5879: result: func_convert_file_noop
configure:5886: checking for /usr/bin/ld option to reload object files
configure:5893: result: -r
configure:5967: checking for objdump
configure:5983: found /usr/bin/objdump
configure:5994: result: objdump
configure:6026: checking how to recognize dependent libraries
configure:6228: result: pass_all
configure:6313: checking for dlltool
configure:6343: result: no
configure:6373: checking how to associate runtime and link libraries
configure:6400: result: printf %s\n
configure:6524: checking for archiver @FILE support
configure:6541: gcc -c -g -O2  conftest.c >&5
configure:6541: $? = 0
configure:6544: ar cru libconftest.a @conftest.lst >&5
ar: `u' modifier ignored since `D' is the default (see `U')
configure:6547: $? = 0
configure:6552: ar cru libconftest.a @conftest.lst >&5
ar: `u' modifier ignored since `D' is the default (see `U')
ar: conftest.o: No such file or directory
configure:6555: $? = 1
configure:6554: result: @
configure:6612: checking for strip
configure:6628: found /usr/bin/strip
configure:6639: result: strip
configure:6711: checking for ranlib
configure:6727: found /usr/bin/ranlib
configure:6738: result: ranlib
configure:6840: checking command to parse /usr/bin/nm -B output from gcc object
configure:6960: gcc -c -g -O2  conftest.c >&5
configure:6963: $? = 0
configure:6967: /usr/bin/nm -B conftest.o \| sed -n -e 's/^.*[ ]\([ABCDGIRSTW][ABCDGIRSTW]*\)[ ][ ]*\([_A-Za-z][_A-Za-z0-9]*\)$/\1 \2 \2/p' | sed '/ __gnu_lto/d' \> conftest.nm
configure:6970: $? = 0
configure:7036: gcc -o conftest -g -O2   conftest.c conftstm.o >&5
configure:7039: $? = 0
configure:7077: result: ok
configure:7114: checking for sysroot
configure:7144: result: no
configure:7400: checking for mt
configure:7416: found /bin/mt
configure:7427: result: mt
configure:7450: checking if mt is a manifest tool
configure:7456: mt '-?'
configure:7464: result: no
configure:8106: checking how to run the C preprocessor
configure:8137: gcc -E  conftest.c
configure:8137: $? = 0
configure:8151: gcc -E  conftest.c
conftest.c:11:10: fatal error: ac_nonexistent.h: No such file or directory
 #include <ac_nonexistent.h>
          ^~~~~~~~~~~~~~~~~~
compilation terminated.
configure:8151: $? = 1
configure: failed program was:
| /* confdefs.h */
| #define PACKAGE_NAME "libnfc"
| #define PACKAGE_TARNAME "libnfc"
| #define PACKAGE_VERSION "1.7.1"
| #define PACKAGE_STRING "libnfc 1.7.1"
| #define PACKAGE_BUGREPORT "nfc-tools@googlegroups.com"
| #define PACKAGE_URL ""
| #define PACKAGE "libnfc"
| #define VERSION "1.7.1"
| /* end confdefs.h.  */
| #include <ac_nonexistent.h>
configure:8176: result: gcc -E
configure:8196: gcc -E  conftest.c
configure:8196: $? = 0
configure:8210: gcc -E  conftest.c
conftest.c:11:10: fatal error: ac_nonexistent.h: No such file or directory
 #include <ac_nonexistent.h>
          ^~~~~~~~~~~~~~~~~~
compilation terminated.
configure:8210: $? = 1
configure: failed program was:
| /* confdefs.h */
| #define PACKAGE_NAME "libnfc"
| #define PACKAGE_TARNAME "libnfc"
| #define PACKAGE_VERSION "1.7.1"
| #define PACKAGE_STRING "libnfc 1.7.1"
| #define PACKAGE_BUGREPORT "nfc-tools@googlegroups.com"
| #define PACKAGE_URL ""
| #define PACKAGE "libnfc"
| #define VERSION "1.7.1"
| /* end confdefs.h.  */
| #include <ac_nonexistent.h>
configure:8239: checking for ANSI C header files
configure:8259: gcc -c -g -O2  conftest.c >&5
configure:8259: $? = 0
configure:8332: gcc -o conftest -g -O2   conftest.c  >&5
configure:8332: $? = 0
configure:8332: ./conftest
configure:8332: $? = 0
configure:8343: result: yes
configure:8356: checking for sys/types.h
configure:8356: gcc -c -g -O2  conftest.c >&5
configure:8356: $? = 0
configure:8356: result: yes
configure:8356: checking for sys/stat.h
configure:8356: gcc -c -g -O2  conftest.c >&5
configure:8356: $? = 0
configure:8356: result: yes
configure:8356: checking for stdlib.h
configure:8356: gcc -c -g -O2  conftest.c >&5
configure:8356: $? = 0
configure:8356: result: yes
configure:8356: checking for string.h
configure:8356: gcc -c -g -O2  conftest.c >&5
configure:8356: $? = 0
configure:8356: result: yes
configure:8356: checking for memory.h
configure:8356: gcc -c -g -O2  conftest.c >&5
configure:8356: $? = 0
configure:8356: result: yes
configure:8356: checking for strings.h
configure:8356: gcc -c -g -O2  conftest.c >&5
configure:8356: $? = 0
configure:8356: result: yes
configure:8356: checking for inttypes.h
configure:8356: gcc -c -g -O2  conftest.c >&5
configure:8356: $? = 0
configure:8356: result: yes
configure:8356: checking for stdint.h
configure:8356: gcc -c -g -O2  conftest.c >&5
configure:8356: $? = 0
configure:8356: result: yes
configure:8356: checking for unistd.h
configure:8356: gcc -c -g -O2  conftest.c >&5
configure:8356: $? = 0
configure:8356: result: yes
configure:8370: checking for dlfcn.h
configure:8370: gcc -c -g -O2  conftest.c >&5
configure:8370: $? = 0
configure:8370: result: yes
configure:8576: checking for objdir
configure:8591: result: .libs
configure:8862: checking if gcc supports -fno-rtti -fno-exceptions
configure:8880: gcc -c -g -O2  -fno-rtti -fno-exceptions conftest.c >&5
cc1: warning: command line option '-fno-rtti' is valid for C++/ObjC++ but not for C
configure:8884: $? = 0
configure:8897: result: no
configure:9224: checking for gcc option to produce PIC
configure:9231: result: -fPIC -DPIC
configure:9239: checking if gcc PIC flag -fPIC -DPIC works
configure:9257: gcc -c -g -O2  -fPIC -DPIC -DPIC conftest.c >&5
configure:9261: $? = 0
configure:9274: result: yes
configure:9303: checking if gcc static flag -static works
configure:9331: result: yes
configure:9346: checking if gcc supports -c -o file.o
configure:9367: gcc -c -g -O2  -o out/conftest2.o conftest.c >&5
configure:9371: $? = 0
configure:9393: result: yes
configure:9401: checking if gcc supports -c -o file.o
configure:9448: result: yes
configure:9481: checking whether the gcc linker (/usr/bin/ld) supports shared libraries
configure:10638: result: yes
configure:10675: checking whether -lc should be explicitly linked in
configure:10683: gcc -c -g -O2  conftest.c >&5
configure:10686: $? = 0
configure:10701: gcc -shared  -fPIC -DPIC conftest.o  -v -Wl,-soname -Wl,conftest -o conftest 2\>\&1 \| /bin/grep  -lc  \>/dev/null 2\>\&1
configure:10704: $? = 0
configure:10718: result: no
configure:10878: checking dynamic linker characteristics
configure:11389: gcc -o conftest -g -O2   -Wl,-rpath -Wl,/foo conftest.c  >&5
configure:11389: $? = 0
configure:11623: result: GNU/Linux ld.so
configure:11730: checking how to hardcode library paths into programs
configure:11755: result: immediate
configure:12295: checking whether stripping libraries is possible
configure:12300: result: yes
configure:12335: checking if libtool supports shared libraries
configure:12337: result: yes
configure:12340: checking whether to build shared libraries
configure:12361: result: yes
configure:12364: checking whether to build static libraries
configure:12368: result: yes
configure:9476: checking for pkg-config
configure:9494: found /usr/bin/pkg-config
configure:9506: result: /usr/bin/pkg-config
configure:9531: checking pkg-config is at least version 0.9.0
configure:9534: result: yes
configure:9544: checking for ANSI C header files
configure:9648: result: yes
configure:9656: checking for stdbool.h that conforms to C99
configure:9723: gcc -c -g -O2  conftest.c >&5
configure:9723: $? = 0
configure:9730: result: yes
configure:9732: checking for _Bool
configure:9732: gcc -c -g -O2  conftest.c >&5
configure:9732: $? = 0
configure:9732: gcc -c -g -O2  conftest.c >&5
conftest.c: In function 'main':
conftest.c:60:20: error: expected expression before ')' token
 if (sizeof ((_Bool)))
                    ^
configure:9732: $? = 1
configure: failed program was:
| /* confdefs.h */
| #define PACKAGE_NAME "libnfc"
| #define PACKAGE_TARNAME "libnfc"
| #define PACKAGE_VERSION "1.7.1"
| #define PACKAGE_STRING "libnfc 1.7.1"
| #define PACKAGE_BUGREPORT "nfc-tools@googlegroups.com"
| #define PACKAGE_URL ""
| #define PACKAGE "libnfc"
| #define VERSION "1.7.1"
| #define STDC_HEADERS 1
| #define HAVE_SYS_TYPES_H 1
| #define HAVE_SYS_STAT_H 1
| #define HAVE_STDLIB_H 1
| #define HAVE_STRING_H 1
| #define HAVE_MEMORY_H 1
| #define HAVE_STRINGS_H 1
| #define HAVE_INTTYPES_H 1
| #define HAVE_STDINT_H 1
| #define HAVE_UNISTD_H 1
| #define HAVE_DLFCN_H 1
| #define LT_OBJDIR ".libs/"
| #define STDC_HEADERS 1
| /* end confdefs.h.  */
| #include <stdio.h>
| #ifdef HAVE_SYS_TYPES_H
| # include <sys/types.h>
| #endif
| #ifdef HAVE_SYS_STAT_H
| # include <sys/stat.h>
| #endif
| #ifdef STDC_HEADERS
| # include <stdlib.h>
| # include <stddef.h>
| #else
| # ifdef HAVE_STDLIB_H
| #  include <stdlib.h>
| # endif
| #endif
| #ifdef HAVE_STRING_H
| # if !defined STDC_HEADERS && defined HAVE_MEMORY_H
| #  include <memory.h>
| # endif
| # include <string.h>
| #endif
| #ifdef HAVE_STRINGS_H
| # include <strings.h>
| #endif
| #ifdef HAVE_INTTYPES_H
| # include <inttypes.h>
| #endif
| #ifdef HAVE_STDINT_H
| # include <stdint.h>
| #endif
| #ifdef HAVE_UNISTD_H
| # include <unistd.h>
| #endif
| int
| main ()
| {
| if (sizeof ((_Bool)))
| 	    return 0;
|   ;
|   return 0;
| }
configure:9732: result: yes
configure:9751: checking fcntl.h usability
configure:9751: gcc -c -g -O2  conftest.c >&5
configure:9751: $? = 0
configure:9751: result: yes
configure:9751: checking fcntl.h presence
configure:9751: gcc -E  conftest.c
configure:9751: $? = 0
configure:9751: result: yes
configure:9751: checking for fcntl.h
configure:9751: result: yes
configure:9751: checking limits.h usability
configure:9751: gcc -c -g -O2  conftest.c >&5
configure:9751: $? = 0
configure:9751: result: yes
configure:9751: checking limits.h presence
configure:9751: gcc -E  conftest.c
configure:9751: $? = 0
configure:9751: result: yes
configure:9751: checking for limits.h
configure:9751: result: yes
configure:9751: checking stdio.h usability
configure:9751: gcc -c -g -O2  conftest.c >&5
configure:9751: $? = 0
configure:9751: result: yes
configure:9751: checking stdio.h presence
configure:9751: gcc -E  conftest.c
configure:9751: $? = 0
configure:9751: result: yes
configure:9751: checking for stdio.h
configure:9751: result: yes
configure:9751: checking for stdlib.h
configure:9751: result: yes
configure:9751: checking for stdint.h
configure:9751: result: yes
configure:9751: checking stddef.h usability
configure:9751: gcc -c -g -O2  conftest.c >&5
configure:9751: $? = 0
configure:9751: result: yes
configure:9751: checking stddef.h presence
configure:9751: gcc -E  conftest.c
configure:9751: $? = 0
configure:9751: result: yes
configure:9751: checking for stddef.h
configure:9751: result: yes
configure:9751: checking for stdbool.h
configure:9751: result: yes
configure:9751: checking sys/ioctl.h usability
configure:9751: gcc -c -g -O2  conftest.c >&5
configure:9751: $? = 0
configure:9751: result: yes
configure:9751: checking sys/ioctl.h presence
configure:9751: gcc -E  conftest.c
configure:9751: $? = 0
configure:9751: result: yes
configure:9751: checking for sys/ioctl.h
configure:9751: result: yes
configure:9751: checking sys/param.h usability
configure:9751: gcc -c -g -O2  conftest.c >&5
configure:9751: $? = 0
configure:9751: result: yes
configure:9751: checking sys/param.h presence
configure:9751: gcc -E  conftest.c
configure:9751: $? = 0
configure:9751: result: yes
configure:9751: checking for sys/param.h
configure:9751: result: yes
configure:9751: checking sys/time.h usability
configure:9751: gcc -c -g -O2  conftest.c >&5
configure:9751: $? = 0
configure:9751: result: yes
configure:9751: checking sys/time.h presence
configure:9751: gcc -E  conftest.c
configure:9751: $? = 0
configure:9751: result: yes
configure:9751: checking for sys/time.h
configure:9751: result: yes
configure:9751: checking termios.h usability
configure:9751: gcc -c -g -O2  conftest.c >&5
configure:9751: $? = 0
configure:9751: result: yes
configure:9751: checking termios.h presence
configure:9751: gcc -E  conftest.c
configure:9751: $? = 0
configure:9751: result: yes
configure:9751: checking for termios.h
configure:9751: result: yes
configure:9763: checking linux/spi/spidev.h usability
configure:9763: gcc -c -g -O2  conftest.c >&5
configure:9763: $? = 0
configure:9763: result: yes
configure:9763: checking linux/spi/spidev.h presence
configure:9763: gcc -E  conftest.c
configure:9763: $? = 0
configure:9763: result: yes
configure:9763: checking for linux/spi/spidev.h
configure:9763: result: yes
configure:9775: checking linux/i2c-dev.h usability
configure:9775: gcc -c -g -O2  conftest.c >&5
configure:9775: $? = 0
configure:9775: result: yes
configure:9775: checking linux/i2c-dev.h presence
configure:9775: gcc -E  conftest.c
configure:9775: $? = 0
configure:9775: result: yes
configure:9775: checking for linux/i2c-dev.h
configure:9775: result: yes
configure:9788: checking for memmove
configure:9788: gcc -o conftest -g -O2   conftest.c  >&5
conftest.c:62:6: warning: conflicting types for built-in function 'memmove' [-Wbuiltin-declaration-mismatch]
 char memmove ();
      ^~~~~~~
configure:9788: $? = 0
configure:9788: result: yes
configure:9788: checking for memset
configure:9788: gcc -o conftest -g -O2   conftest.c  >&5
conftest.c:64:6: warning: conflicting types for built-in function 'memset' [-Wbuiltin-declaration-mismatch]
 char memset ();
      ^~~~~~
configure:9788: $? = 0
configure:9788: result: yes
configure:9788: checking for select
configure:9788: gcc -o conftest -g -O2   conftest.c  >&5
configure:9788: $? = 0
configure:9788: result: yes
configure:9788: checking for strdup
configure:9788: gcc -o conftest -g -O2   conftest.c  >&5
conftest.c:68:6: warning: conflicting types for built-in function 'strdup' [-Wbuiltin-declaration-mismatch]
 char strdup ();
      ^~~~~~
configure:9788: $? = 0
configure:9788: result: yes
configure:9788: checking for strerror
configure:9788: gcc -o conftest -g -O2   conftest.c  >&5
configure:9788: $? = 0
configure:9788: result: yes
configure:9788: checking for strstr
configure:9788: gcc -o conftest -g -O2   conftest.c  >&5
conftest.c:72:6: warning: conflicting types for built-in function 'strstr' [-Wbuiltin-declaration-mismatch]
 char strstr ();
      ^~~~~~
configure:9788: $? = 0
configure:9788: result: yes
configure:9788: checking for strtol
configure:9788: gcc -o conftest -g -O2   conftest.c  >&5
configure:9788: $? = 0
configure:9788: result: yes
configure:9788: checking for usleep
configure:9788: gcc -o conftest -g -O2   conftest.c  >&5
configure:9788: $? = 0
configure:9788: result: yes
configure:9811: checking for size_t
configure:9811: gcc -c -g -O2  conftest.c >&5
configure:9811: $? = 0
configure:9811: gcc -c -g -O2  conftest.c >&5
conftest.c: In function 'main':
conftest.c:93:21: error: expected expression before ')' token
 if (sizeof ((size_t)))
                     ^
configure:9811: $? = 1
configure: failed program was:
| /* confdefs.h */
| #define PACKAGE_NAME "libnfc"
| #define PACKAGE_TARNAME "libnfc"
| #define PACKAGE_VERSION "1.7.1"
| #define PACKAGE_STRING "libnfc 1.7.1"
| #define PACKAGE_BUGREPORT "nfc-tools@googlegroups.com"
| #define PACKAGE_URL ""
| #define PACKAGE "libnfc"
| #define VERSION "1.7.1"
| #define STDC_HEADERS 1
| #define HAVE_SYS_TYPES_H 1
| #define HAVE_SYS_STAT_H 1
| #define HAVE_STDLIB_H 1
| #define HAVE_STRING_H 1
| #define HAVE_MEMORY_H 1
| #define HAVE_STRINGS_H 1
| #define HAVE_INTTYPES_H 1
| #define HAVE_STDINT_H 1
| #define HAVE_UNISTD_H 1
| #define HAVE_DLFCN_H 1
| #define LT_OBJDIR ".libs/"
| #define STDC_HEADERS 1
| #define HAVE__BOOL 1
| #define HAVE_STDBOOL_H 1
| #define HAVE_FCNTL_H 1
| #define HAVE_LIMITS_H 1
| #define HAVE_STDIO_H 1
| #define HAVE_STDLIB_H 1
| #define HAVE_STDINT_H 1
| #define HAVE_STDDEF_H 1
| #define HAVE_STDBOOL_H 1
| #define HAVE_SYS_IOCTL_H 1
| #define HAVE_SYS_PARAM_H 1
| #define HAVE_SYS_TIME_H 1
| #define HAVE_TERMIOS_H 1
| #define HAVE_LINUX_SPI_SPIDEV_H 1
| #define HAVE_LINUX_I2C_DEV_H 1
| #define HAVE_MEMMOVE 1
| #define _XOPEN_SOURCE 600
| #define HAVE_MEMSET 1
| #define _XOPEN_SOURCE 600
| #define HAVE_SELECT 1
| #define _XOPEN_SOURCE 600
| #define HAVE_STRDUP 1
| #define _XOPEN_SOURCE 600
| #define HAVE_STRERROR 1
| #define _XOPEN_SOURCE 600
| #define HAVE_STRSTR 1
| #define _XOPEN_SOURCE 600
| #define HAVE_STRTOL 1
| #define _XOPEN_SOURCE 600
| #define HAVE_USLEEP 1
| #define _XOPEN_SOURCE 600
| #define _NETBSD_SOURCE 1
| #define _DARWIN_C_SOURCE 1
| /* end confdefs.h.  */
| #include <stdio.h>
| #ifdef HAVE_SYS_TYPES_H
| # include <sys/types.h>
| #endif
| #ifdef HAVE_SYS_STAT_H
| # include <sys/stat.h>
| #endif
| #ifdef STDC_HEADERS
| # include <stdlib.h>
| # include <stddef.h>
| #else
| # ifdef HAVE_STDLIB_H
| #  include <stdlib.h>
| # endif
| #endif
| #ifdef HAVE_STRING_H
| # if !defined STDC_HEADERS && defined HAVE_MEMORY_H
| #  include <memory.h>
| # endif
| # include <string.h>
| #endif
| #ifdef HAVE_STRINGS_H
| # include <strings.h>
| #endif
| #ifdef HAVE_INTTYPES_H
| # include <inttypes.h>
| #endif
| #ifdef HAVE_STDINT_H
| # include <stdint.h>
| #endif
| #ifdef HAVE_UNISTD_H
| # include <unistd.h>
| #endif
| int
| main ()
| {
| if (sizeof ((size_t)))
| 	    return 0;
|   ;
|   return 0;
| }
configure:9811: result: yes
configure:9822: checking for uint8_t
configure:9822: gcc -c -g -O2  conftest.c >&5
configure:9822: $? = 0
configure:9822: result: yes
configure:9836: checking for uint16_t
configure:9836: gcc -c -g -O2  conftest.c >&5
configure:9836: $? = 0
configure:9836: result: yes
configure:9848: checking for uint32_t
configure:9848: gcc -c -g -O2  conftest.c >&5
configure:9848: $? = 0
configure:9848: result: yes
configure:9862: checking for uint64_t
configure:9862: gcc -c -g -O2  conftest.c >&5
configure:9862: $? = 0
configure:9862: result: yes
configure:9876: checking for int16_t
configure:9876: gcc -c -g -O2  conftest.c >&5
configure:9876: $? = 0
configure:9876: gcc -c -g -O2  conftest.c >&5
conftest.c: In function 'main':
conftest.c:94:12: error: size of array 'test_array' is negative
 static int test_array [1 - 2 * !((int16_t) (((((int16_t) 1 << N) << N) - 1) * 2 + 1)
            ^~~~~~~~~~
configure:9876: $? = 1
configure: failed program was:
| /* confdefs.h */
| #define PACKAGE_NAME "libnfc"
| #define PACKAGE_TARNAME "libnfc"
| #define PACKAGE_VERSION "1.7.1"
| #define PACKAGE_STRING "libnfc 1.7.1"
| #define PACKAGE_BUGREPORT "nfc-tools@googlegroups.com"
| #define PACKAGE_URL ""
| #define PACKAGE "libnfc"
| #define VERSION "1.7.1"
| #define STDC_HEADERS 1
| #define HAVE_SYS_TYPES_H 1
| #define HAVE_SYS_STAT_H 1
| #define HAVE_STDLIB_H 1
| #define HAVE_STRING_H 1
| #define HAVE_MEMORY_H 1
| #define HAVE_STRINGS_H 1
| #define HAVE_INTTYPES_H 1
| #define HAVE_STDINT_H 1
| #define HAVE_UNISTD_H 1
| #define HAVE_DLFCN_H 1
| #define LT_OBJDIR ".libs/"
| #define STDC_HEADERS 1
| #define HAVE__BOOL 1
| #define HAVE_STDBOOL_H 1
| #define HAVE_FCNTL_H 1
| #define HAVE_LIMITS_H 1
| #define HAVE_STDIO_H 1
| #define HAVE_STDLIB_H 1
| #define HAVE_STDINT_H 1
| #define HAVE_STDDEF_H 1
| #define HAVE_STDBOOL_H 1
| #define HAVE_SYS_IOCTL_H 1
| #define HAVE_SYS_PARAM_H 1
| #define HAVE_SYS_TIME_H 1
| #define HAVE_TERMIOS_H 1
| #define HAVE_LINUX_SPI_SPIDEV_H 1
| #define HAVE_LINUX_I2C_DEV_H 1
| #define HAVE_MEMMOVE 1
| #define _XOPEN_SOURCE 600
| #define HAVE_MEMSET 1
| #define _XOPEN_SOURCE 600
| #define HAVE_SELECT 1
| #define _XOPEN_SOURCE 600
| #define HAVE_STRDUP 1
| #define _XOPEN_SOURCE 600
| #define HAVE_STRERROR 1
| #define _XOPEN_SOURCE 600
| #define HAVE_STRSTR 1
| #define _XOPEN_SOURCE 600
| #define HAVE_STRTOL 1
| #define _XOPEN_SOURCE 600
| #define HAVE_USLEEP 1
| #define _XOPEN_SOURCE 600
| #define _NETBSD_SOURCE 1
| #define _DARWIN_C_SOURCE 1
| /* end confdefs.h.  */
| #include <stdio.h>
| #ifdef HAVE_SYS_TYPES_H
| # include <sys/types.h>
| #endif
| #ifdef HAVE_SYS_STAT_H
| # include <sys/stat.h>
| #endif
| #ifdef STDC_HEADERS
| # include <stdlib.h>
| # include <stddef.h>
| #else
| # ifdef HAVE_STDLIB_H
| #  include <stdlib.h>
| # endif
| #endif
| #ifdef HAVE_STRING_H
| # if !defined STDC_HEADERS && defined HAVE_MEMORY_H
| #  include <memory.h>
| # endif
| # include <string.h>
| #endif
| #ifdef HAVE_STRINGS_H
| # include <strings.h>
| #endif
| #ifdef HAVE_INTTYPES_H
| # include <inttypes.h>
| #endif
| #ifdef HAVE_STDINT_H
| # include <stdint.h>
| #endif
| #ifdef HAVE_UNISTD_H
| # include <unistd.h>
| #endif
| 	        enum { N = 16 / 2 - 1 };
| int
| main ()
| {
| static int test_array [1 - 2 * !((int16_t) (((((int16_t) 1 << N) << N) - 1) * 2 + 1)
| 		 < (int16_t) (((((int16_t) 1 << N) << N) - 1) * 2 + 2))];
| test_array [0] = 0
| 
|   ;
|   return 0;
| }
configure:9876: result: yes
configure:9887: checking for int32_t
configure:9887: gcc -c -g -O2  conftest.c >&5
configure:9887: $? = 0
configure:9887: gcc -c -g -O2  conftest.c >&5
conftest.c: In function 'main':
conftest.c:95:53: warning: integer overflow in expression of type 'int' results in '-2147483648' [-Woverflow]
    < (int32_t) (((((int32_t) 1 << N) << N) - 1) * 2 + 2))];
                                                     ^
conftest.c:94:12: error: storage size of 'test_array' isn't constant
 static int test_array [1 - 2 * !((int32_t) (((((int32_t) 1 << N) << N) - 1) * 2 + 1)
            ^~~~~~~~~~
configure:9887: $? = 1
configure: failed program was:
| /* confdefs.h */
| #define PACKAGE_NAME "libnfc"
| #define PACKAGE_TARNAME "libnfc"
| #define PACKAGE_VERSION "1.7.1"
| #define PACKAGE_STRING "libnfc 1.7.1"
| #define PACKAGE_BUGREPORT "nfc-tools@googlegroups.com"
| #define PACKAGE_URL ""
| #define PACKAGE "libnfc"
| #define VERSION "1.7.1"
| #define STDC_HEADERS 1
| #define HAVE_SYS_TYPES_H 1
| #define HAVE_SYS_STAT_H 1
| #define HAVE_STDLIB_H 1
| #define HAVE_STRING_H 1
| #define HAVE_MEMORY_H 1
| #define HAVE_STRINGS_H 1
| #define HAVE_INTTYPES_H 1
| #define HAVE_STDINT_H 1
| #define HAVE_UNISTD_H 1
| #define HAVE_DLFCN_H 1
| #define LT_OBJDIR ".libs/"
| #define STDC_HEADERS 1
| #define HAVE__BOOL 1
| #define HAVE_STDBOOL_H 1
| #define HAVE_FCNTL_H 1
| #define HAVE_LIMITS_H 1
| #define HAVE_STDIO_H 1
| #define HAVE_STDLIB_H 1
| #define HAVE_STDINT_H 1
| #define HAVE_STDDEF_H 1
| #define HAVE_STDBOOL_H 1
| #define HAVE_SYS_IOCTL_H 1
| #define HAVE_SYS_PARAM_H 1
| #define HAVE_SYS_TIME_H 1
| #define HAVE_TERMIOS_H 1
| #define HAVE_LINUX_SPI_SPIDEV_H 1
| #define HAVE_LINUX_I2C_DEV_H 1
| #define HAVE_MEMMOVE 1
| #define _XOPEN_SOURCE 600
| #define HAVE_MEMSET 1
| #define _XOPEN_SOURCE 600
| #define HAVE_SELECT 1
| #define _XOPEN_SOURCE 600
| #define HAVE_STRDUP 1
| #define _XOPEN_SOURCE 600
| #define HAVE_STRERROR 1
| #define _XOPEN_SOURCE 600
| #define HAVE_STRSTR 1
| #define _XOPEN_SOURCE 600
| #define HAVE_STRTOL 1
| #define _XOPEN_SOURCE 600
| #define HAVE_USLEEP 1
| #define _XOPEN_SOURCE 600
| #define _NETBSD_SOURCE 1
| #define _DARWIN_C_SOURCE 1
| /* end confdefs.h.  */
| #include <stdio.h>
| #ifdef HAVE_SYS_TYPES_H
| # include <sys/types.h>
| #endif
| #ifdef HAVE_SYS_STAT_H
| # include <sys/stat.h>
| #endif
| #ifdef STDC_HEADERS
| # include <stdlib.h>
| # include <stddef.h>
| #else
| # ifdef HAVE_STDLIB_H
| #  include <stdlib.h>
| # endif
| #endif
| #ifdef HAVE_STRING_H
| # if !defined STDC_HEADERS && defined HAVE_MEMORY_H
| #  include <memory.h>
| # endif
| # include <string.h>
| #endif
| #ifdef HAVE_STRINGS_H
| # include <strings.h>
| #endif
| #ifdef HAVE_INTTYPES_H
| # include <inttypes.h>
| #endif
| #ifdef HAVE_STDINT_H
| # include <stdint.h>
| #endif
| #ifdef HAVE_UNISTD_H
| # include <unistd.h>
| #endif
| 	        enum { N = 32 / 2 - 1 };
| int
| main ()
| {
| static int test_array [1 - 2 * !((int32_t) (((((int32_t) 1 << N) << N) - 1) * 2 + 1)
| 		 < (int32_t) (((((int32_t) 1 << N) << N) - 1) * 2 + 2))];
| test_array [0] = 0
| 
|   ;
|   return 0;
| }
configure:9887: result: yes
configure:9898: checking for off_t
configure:9898: gcc -c -g -O2  conftest.c >&5
configure:9898: $? = 0
configure:9898: gcc -c -g -O2  conftest.c >&5
conftest.c: In function 'main':
conftest.c:93:20: error: expected expression before ')' token
 if (sizeof ((off_t)))
                    ^
configure:9898: $? = 1
configure: failed program was:
| /* confdefs.h */
| #define PACKAGE_NAME "libnfc"
| #define PACKAGE_TARNAME "libnfc"
| #define PACKAGE_VERSION "1.7.1"
| #define PACKAGE_STRING "libnfc 1.7.1"
| #define PACKAGE_BUGREPORT "nfc-tools@googlegroups.com"
| #define PACKAGE_URL ""
| #define PACKAGE "libnfc"
| #define VERSION "1.7.1"
| #define STDC_HEADERS 1
| #define HAVE_SYS_TYPES_H 1
| #define HAVE_SYS_STAT_H 1
| #define HAVE_STDLIB_H 1
| #define HAVE_STRING_H 1
| #define HAVE_MEMORY_H 1
| #define HAVE_STRINGS_H 1
| #define HAVE_INTTYPES_H 1
| #define HAVE_STDINT_H 1
| #define HAVE_UNISTD_H 1
| #define HAVE_DLFCN_H 1
| #define LT_OBJDIR ".libs/"
| #define STDC_HEADERS 1
| #define HAVE__BOOL 1
| #define HAVE_STDBOOL_H 1
| #define HAVE_FCNTL_H 1
| #define HAVE_LIMITS_H 1
| #define HAVE_STDIO_H 1
| #define HAVE_STDLIB_H 1
| #define HAVE_STDINT_H 1
| #define HAVE_STDDEF_H 1
| #define HAVE_STDBOOL_H 1
| #define HAVE_SYS_IOCTL_H 1
| #define HAVE_SYS_PARAM_H 1
| #define HAVE_SYS_TIME_H 1
| #define HAVE_TERMIOS_H 1
| #define HAVE_LINUX_SPI_SPIDEV_H 1
| #define HAVE_LINUX_I2C_DEV_H 1
| #define HAVE_MEMMOVE 1
| #define _XOPEN_SOURCE 600
| #define HAVE_MEMSET 1
| #define _XOPEN_SOURCE 600
| #define HAVE_SELECT 1
| #define _XOPEN_SOURCE 600
| #define HAVE_STRDUP 1
| #define _XOPEN_SOURCE 600
| #define HAVE_STRERROR 1
| #define _XOPEN_SOURCE 600
| #define HAVE_STRSTR 1
| #define _XOPEN_SOURCE 600
| #define HAVE_STRTOL 1
| #define _XOPEN_SOURCE 600
| #define HAVE_USLEEP 1
| #define _XOPEN_SOURCE 600
| #define _NETBSD_SOURCE 1
| #define _DARWIN_C_SOURCE 1
| /* end confdefs.h.  */
| #include <stdio.h>
| #ifdef HAVE_SYS_TYPES_H
| # include <sys/types.h>
| #endif
| #ifdef HAVE_SYS_STAT_H
| # include <sys/stat.h>
| #endif
| #ifdef STDC_HEADERS
| # include <stdlib.h>
| # include <stddef.h>
| #else
| # ifdef HAVE_STDLIB_H
| #  include <stdlib.h>
| # endif
| #endif
| #ifdef HAVE_STRING_H
| # if !defined STDC_HEADERS && defined HAVE_MEMORY_H
| #  include <memory.h>
| # endif
| # include <string.h>
| #endif
| #ifdef HAVE_STRINGS_H
| # include <strings.h>
| #endif
| #ifdef HAVE_INTTYPES_H
| # include <inttypes.h>
| #endif
| #ifdef HAVE_STDINT_H
| # include <stdint.h>
| #endif
| #ifdef HAVE_UNISTD_H
| # include <unistd.h>
| #endif
| int
| main ()
| {
| if (sizeof ((off_t)))
| 	    return 0;
|   ;
|   return 0;
| }
configure:9898: result: yes
configure:9921: checking for log flag
configure:9923: result: yes
configure:9949: checking for conffiles flag
configure:9951: result: yes
configure:9977: checking for envvars flag
configure:9979: result: yes
configure:10005: checking for debug flag
configure:10007: result: no
configure:10028: checking which drivers to build
configure:10049: result: default drivers
configure:10246: checking for documentation request
configure:10248: result: no
configure:10337: checking for libusb
configure:10344: $PKG_CONFIG --exists --print-errors "libusb"
configure:10347: $? = 0
configure:10361: $PKG_CONFIG --exists --print-errors "libusb"
configure:10364: $? = 0
configure:10402: result: yes
configure:10760: checking for CUTTER
configure:10767: $PKG_CONFIG --exists --print-errors "cutter >= $CUTTER_REQUIRED_VERSION"
Package cutter was not found in the pkg-config search path.
Perhaps you should add the directory containing `cutter.pc'
to the PKG_CONFIG_PATH environment variable
No package 'cutter' found
configure:10770: $? = 1
configure:10784: $PKG_CONFIG --exists --print-errors "cutter >= $CUTTER_REQUIRED_VERSION"
Package cutter was not found in the pkg-config search path.
Perhaps you should add the directory containing `cutter.pc'
to the PKG_CONFIG_PATH environment variable
No package 'cutter' found
configure:10787: $? = 1
configure:10801: result: no
No package 'cutter' found
configure:10884: checking for readline.h
configure:10929: result: not found
configure:11152: creating ./config.status

## ---------------------- ##
## Running config.status. ##
## ---------------------- ##

This file was extended by libnfc config.status 1.7.1, which was
generated by GNU Autoconf 2.68.  Invocation command line was

  CONFIG_FILES    = 
  CONFIG_HEADERS  = 
  CONFIG_LINKS    = 
  CONFIG_COMMANDS = 
  $ ./config.status 

on raspberrypi

config.status:1206: creating Doxyfile
config.status:1206: creating Makefile
config.status:1206: creating cmake/Makefile
config.status:1206: creating cmake/modules/Makefile
config.status:1206: creating contrib/Makefile
config.status:1206: creating contrib/devd/Makefile
config.status:1206: creating contrib/libnfc/Makefile
config.status:1206: creating contrib/linux/Makefile
config.status:1206: creating contrib/udev/Makefile
config.status:1206: creating contrib/win32/Makefile
config.status:1206: creating contrib/win32/sys/Makefile
config.status:1206: creating contrib/win32/libnfc/Makefile
config.status:1206: creating contrib/win32/libnfc/buses/Makefile
config.status:1206: creating examples/Makefile
config.status:1206: creating examples/pn53x-tamashell-scripts/Makefile
config.status:1206: creating include/Makefile
config.status:1206: creating include/nfc/Makefile
config.status:1206: creating libnfc.pc
config.status:1206: creating libnfc/Makefile
config.status:1206: creating libnfc/buses/Makefile
config.status:1206: creating libnfc/chips/Makefile
config.status:1206: creating libnfc/drivers/Makefile
config.status:1206: creating test/Makefile
config.status:1206: creating utils/Makefile
config.status:1206: creating config.h
config.status:1435: executing depfiles commands
config.status:1435: executing libtool commands

## ---------------- ##
## Cache variables. ##
## ---------------- ##

ac_cv_build=armv7l-unknown-linux-gnueabihf
ac_cv_c_compiler_gnu=yes
ac_cv_c_int16_t=yes
ac_cv_c_int32_t=yes
ac_cv_c_uint16_t=yes
ac_cv_c_uint32_t=yes
ac_cv_c_uint64_t=yes
ac_cv_c_uint8_t=yes
ac_cv_env_CC_set=
ac_cv_env_CC_value=
ac_cv_env_CFLAGS_set=
ac_cv_env_CFLAGS_value=
ac_cv_env_CPPFLAGS_set=
ac_cv_env_CPPFLAGS_value=
ac_cv_env_CPP_set=
ac_cv_env_CPP_value=
ac_cv_env_CUTTER_CFLAGS_set=
ac_cv_env_CUTTER_CFLAGS_value=
ac_cv_env_CUTTER_LIBS_set=
ac_cv_env_CUTTER_LIBS_value=
ac_cv_env_LDFLAGS_set=
ac_cv_env_LDFLAGS_value=
ac_cv_env_LIBS_set=
ac_cv_env_LIBS_value=
ac_cv_env_PKG_CONFIG_LIBDIR_set=
ac_cv_env_PKG_CONFIG_LIBDIR_value=
ac_cv_env_PKG_CONFIG_PATH_set=
ac_cv_env_PKG_CONFIG_PATH_value=
ac_cv_env_PKG_CONFIG_set=
ac_cv_env_PKG_CONFIG_value=
ac_cv_env_build_alias_set=
ac_cv_env_build_alias_value=
ac_cv_env_host_alias_set=
ac_cv_env_host_alias_value=
ac_cv_env_libpcsclite_CFLAGS_set=
ac_cv_env_libpcsclite_CFLAGS_value=
ac_cv_env_libpcsclite_LIBS_set=
ac_cv_env_libpcsclite_LIBS_value=
ac_cv_env_libusb_CFLAGS_set=
ac_cv_env_libusb_CFLAGS_value=
ac_cv_env_libusb_LIBS_set=
ac_cv_env_libusb_LIBS_value=
ac_cv_env_target_alias_set=
ac_cv_env_target_alias_value=
ac_cv_func_memmove=yes
ac_cv_func_memset=yes
ac_cv_func_select=yes
ac_cv_func_strdup=yes
ac_cv_func_strerror=yes
ac_cv_func_strstr=yes
ac_cv_func_strtol=yes
ac_cv_func_usleep=yes
ac_cv_header_dlfcn_h=yes
ac_cv_header_fcntl_h=yes
ac_cv_header_inttypes_h=yes
ac_cv_header_limits_h=yes
ac_cv_header_linux_i2c_dev_h=yes
ac_cv_header_linux_spi_spidev_h=yes
ac_cv_header_memory_h=yes
ac_cv_header_stdbool_h=yes
ac_cv_header_stdc=yes
ac_cv_header_stddef_h=yes
ac_cv_header_stdint_h=yes
ac_cv_header_stdio_h=yes
ac_cv_header_stdlib_h=yes
ac_cv_header_string_h=yes
ac_cv_header_strings_h=yes
ac_cv_header_sys_ioctl_h=yes
ac_cv_header_sys_param_h=yes
ac_cv_header_sys_stat_h=yes
ac_cv_header_sys_time_h=yes
ac_cv_header_sys_types_h=yes
ac_cv_header_termios_h=yes
ac_cv_header_unistd_h=yes
ac_cv_host=armv7l-unknown-linux-gnueabihf
ac_cv_objext=o
ac_cv_path_EGREP='/bin/grep -E'
ac_cv_path_FGREP='/bin/grep -F'
ac_cv_path_GREP=/bin/grep
ac_cv_path_SED=/bin/sed
ac_cv_path_ac_pt_PKG_CONFIG=/usr/bin/pkg-config
ac_cv_path_install='/usr/bin/install -c'
ac_cv_path_mkdir=/bin/mkdir
ac_cv_prog_AWK=mawk
ac_cv_prog_CPP='gcc -E'
ac_cv_prog_ac_ct_AR=ar
ac_cv_prog_ac_ct_CC=gcc
ac_cv_prog_ac_ct_MANIFEST_TOOL=mt
ac_cv_prog_ac_ct_OBJDUMP=objdump
ac_cv_prog_ac_ct_RANLIB=ranlib
ac_cv_prog_ac_ct_STRIP=strip
ac_cv_prog_cc_c89=
ac_cv_prog_cc_g=yes
ac_cv_prog_make_make_set=yes
ac_cv_type__Bool=yes
ac_cv_type_off_t=yes
ac_cv_type_size_t=yes
ac_cv_use_cutter=no
am_cv_CC_dependencies_compiler_type=gcc3
am_cv_ar_interface=ar
am_cv_make_support_nested_variables=yes
lt_cv_ar_at_file=@
lt_cv_archive_cmds_need_lc=no
lt_cv_deplibs_check_method=pass_all
lt_cv_file_magic_cmd='$MAGIC_CMD'
lt_cv_file_magic_test_file=
lt_cv_ld_reload_flag=-r
lt_cv_nm_interface='BSD nm'
lt_cv_objdir=.libs
lt_cv_path_LD=/usr/bin/ld
lt_cv_path_NM='/usr/bin/nm -B'
lt_cv_path_mainfest_tool=no
lt_cv_prog_compiler_c_o=yes
lt_cv_prog_compiler_pic='-fPIC -DPIC'
lt_cv_prog_compiler_pic_works=yes
lt_cv_prog_compiler_rtti_exceptions=no
lt_cv_prog_compiler_static_works=yes
lt_cv_prog_gnu_ld=yes
lt_cv_sharedlib_from_linklib_cmd='printf %s\n'
lt_cv_shlibpath_overrides_runpath=yes
lt_cv_sys_global_symbol_pipe='sed -n -e '\''s/^.*[	 ]\([ABCDGIRSTW][ABCDGIRSTW]*\)[	 ][	 ]*\([_A-Za-z][_A-Za-z0-9]*\)$/\1 \2 \2/p'\'' | sed '\''/ __gnu_lto/d'\'''
lt_cv_sys_global_symbol_to_c_name_address='sed -n -e '\''s/^: \([^ ]*\)[ ]*$/  {\"\1\", (void *) 0},/p'\'' -e '\''s/^[ABCDGIRSTW]* \([^ ]*\) \([^ ]*\)$/  {"\2", (void *) \&\2},/p'\'''
lt_cv_sys_global_symbol_to_c_name_address_lib_prefix='sed -n -e '\''s/^: \([^ ]*\)[ ]*$/  {\"\1\", (void *) 0},/p'\'' -e '\''s/^[ABCDGIRSTW]* \([^ ]*\) \(lib[^ ]*\)$/  {"\2", (void *) \&\2},/p'\'' -e '\''s/^[ABCDGIRSTW]* \([^ ]*\) \([^ ]*\)$/  {"lib\2", (void *) \&\2},/p'\'''
lt_cv_sys_global_symbol_to_cdecl='sed -n -e '\''s/^T .* \(.*\)$/extern int \1();/p'\'' -e '\''s/^[ABCDGIRSTW]* .* \(.*\)$/extern char \1;/p'\'''
lt_cv_sys_max_cmd_len=1572864
lt_cv_to_host_file_cmd=func_convert_file_noop
lt_cv_to_tool_file_cmd=func_convert_file_noop
pkg_cv_libusb_CFLAGS=
pkg_cv_libusb_LIBS=-lusb

## ----------------- ##
## Output variables. ##
## ----------------- ##

ACLOCAL='${SHELL} /home/pi/libnfc-1.7.1/missing --run aclocal-1.11'
AMDEPBACKSLASH='\'
AMDEP_FALSE='#'
AMDEP_TRUE=''
AMTAR='$${TAR-tar}'
AM_BACKSLASH='\'
AM_DEFAULT_V='$(AM_DEFAULT_VERBOSITY)'
AM_DEFAULT_VERBOSITY='0'
AM_V='$(V)'
AR='ar'
AUTOCONF='${SHELL} /home/pi/libnfc-1.7.1/missing --run autoconf'
AUTOHEADER='${SHELL} /home/pi/libnfc-1.7.1/missing --run autoheader'
AUTOMAKE='${SHELL} /home/pi/libnfc-1.7.1/missing --run automake-1.11'
AWK='mawk'
CC='gcc'
CCDEPMODE='depmode=gcc3'
CFLAGS='-g -O2 -Wall -pedantic -Wextra -std=c99 -Du_int8_t=uint8_t -Du_int16_t=uint16_t'
CPP='gcc -E'
CPPFLAGS=''
CUTTER=''
CUTTER_CFLAGS=''
CUTTER_LIBS=''
CYGPATH_W='echo'
DEFS='-DHAVE_CONFIG_H'
DEPDIR='.deps'
DLLTOOL='false'
DOC_ENABLED_FALSE=''
DOC_ENABLED_TRUE='#'
DOXYGEN=''
DRIVERS_CFLAGS=' -DDRIVER_ACR122_USB_ENABLED -DDRIVER_ACR122S_ENABLED -DDRIVER_ARYGON_ENABLED -DDRIVER_PN53X_USB_ENABLED -DDRIVER_PN532_UART_ENABLED -DDRIVER_PN532_SPI_ENABLED -DDRIVER_PN532_I2C_ENABLED'
DRIVER_ACR122S_ENABLED_FALSE='#'
DRIVER_ACR122S_ENABLED_TRUE=''
DRIVER_ACR122_PCSC_ENABLED_FALSE=''
DRIVER_ACR122_PCSC_ENABLED_TRUE='#'
DRIVER_ACR122_USB_ENABLED_FALSE='#'
DRIVER_ACR122_USB_ENABLED_TRUE=''
DRIVER_ARYGON_ENABLED_FALSE='#'
DRIVER_ARYGON_ENABLED_TRUE=''
DRIVER_PN532_I2C_ENABLED_FALSE='#'
DRIVER_PN532_I2C_ENABLED_TRUE=''
DRIVER_PN532_SPI_ENABLED_FALSE='#'
DRIVER_PN532_SPI_ENABLED_TRUE=''
DRIVER_PN532_UART_ENABLED_FALSE='#'
DRIVER_PN532_UART_ENABLED_TRUE=''
DRIVER_PN53X_USB_ENABLED_FALSE='#'
DRIVER_PN53X_USB_ENABLED_TRUE=''
DSYMUTIL=''
DUMPBIN=''
ECHO_C=''
ECHO_N='-n'
ECHO_T=''
EGREP='/bin/grep -E'
EXEEXT=''
FGREP='/bin/grep -F'
GREP='/bin/grep'
I2C_ENABLED_FALSE='#'
I2C_ENABLED_TRUE=''
INSTALL_DATA='${INSTALL} -m 644'
INSTALL_PROGRAM='${INSTALL}'
INSTALL_SCRIPT='${INSTALL}'
INSTALL_STRIP_PROGRAM='$(install_sh) -c -s'
LD='/usr/bin/ld'
LDFLAGS=''
LIBNFC_CFLAGS='-I$(top_srcdir)/libnfc -I$(top_builddir)/include -I$(top_srcdir)/include'
LIBOBJS=''
LIBS=''
LIBTOOL='$(SHELL) $(top_builddir)/libtool'
LIBUSB_ENABLED_FALSE='#'
LIBUSB_ENABLED_TRUE=''
LIPO=''
LN_S='ln -s'
LTLIBOBJS=''
MAKEINFO='${SHELL} /home/pi/libnfc-1.7.1/missing --run makeinfo'
MANIFEST_TOOL=':'
MKDIR_P='/bin/mkdir -p'
NM='/usr/bin/nm -B'
NMEDIT=''
OBJDUMP='objdump'
OBJEXT='o'
OTOOL64=''
OTOOL=''
PACKAGE='libnfc'
PACKAGE_BUGREPORT='nfc-tools@googlegroups.com'
PACKAGE_NAME='libnfc'
PACKAGE_STRING='libnfc 1.7.1'
PACKAGE_TARNAME='libnfc'
PACKAGE_URL=''
PACKAGE_VERSION='1.7.1'
PATH_SEPARATOR=':'
PCSC_ENABLED_FALSE=''
PCSC_ENABLED_TRUE='#'
PKG_CONFIG='/usr/bin/pkg-config'
PKG_CONFIG_LIBDIR=''
PKG_CONFIG_PATH=''
PKG_CONFIG_REQUIRES=' libusb'
POSIX_ONLY_EXAMPLES_ENABLED_FALSE='#'
POSIX_ONLY_EXAMPLES_ENABLED_TRUE=''
RANLIB='ranlib'
READLINE_INCLUDES=''
READLINE_LIBS=''
SED='/bin/sed'
SET_MAKE=''
SHELL='/bin/bash'
SPI_ENABLED_FALSE='#'
SPI_ENABLED_TRUE=''
STRIP='strip'
UART_ENABLED_FALSE='#'
UART_ENABLED_TRUE=''
VERSION='1.7.1'
WITH_CONFFILES_FALSE='#'
WITH_CONFFILES_TRUE=''
WITH_CUTTER_FALSE=''
WITH_CUTTER_TRUE='#'
WITH_DEBUG_FALSE=''
WITH_DEBUG_TRUE='#'
WITH_ENVVARS_FALSE='#'
WITH_ENVVARS_TRUE=''
WITH_LOG_FALSE='#'
WITH_LOG_TRUE=''
ac_ct_AR='ar'
ac_ct_CC='gcc'
ac_ct_DUMPBIN=''
am__EXEEXT_FALSE=''
am__EXEEXT_TRUE='#'
am__fastdepCC_FALSE='#'
am__fastdepCC_TRUE=''
am__include='include'
am__isrc=''
am__leading_dot='.'
am__nodep='_no'
am__quote=''
am__tar='$${TAR-tar} chof - "$$tardir"'
am__untar='$${TAR-tar} xf -'
bindir='${exec_prefix}/bin'
build='armv7l-unknown-linux-gnueabihf'
build_alias=''
build_cpu='armv7l'
build_os='linux-gnueabihf'
build_vendor='unknown'
datadir='${datarootdir}'
datarootdir='${prefix}/share'
docdir='${datarootdir}/doc/${PACKAGE_TARNAME}'
dvidir='${docdir}'
exec_prefix='${prefix}'
host='armv7l-unknown-linux-gnueabihf'
host_alias=''
host_cpu='armv7l'
host_os='linux-gnueabihf'
host_vendor='unknown'
htmldir='${docdir}'
includedir='${prefix}/include'
infodir='${datarootdir}/info'
install_sh='${SHELL} /home/pi/libnfc-1.7.1/install-sh'
libdir='${exec_prefix}/lib'
libexecdir='${exec_prefix}/libexec'
libpcsclite_CFLAGS=''
libpcsclite_LIBS=''
libusb_CFLAGS=''
libusb_CONFIG=''
libusb_LIBS='-lusb'
localedir='${datarootdir}/locale'
localstatedir='${prefix}/var'
mandir='${datarootdir}/man'
mkdir_p='/bin/mkdir -p'
oldincludedir='/usr/include'
pdfdir='${docdir}'
prefix='/usr'
program_transform_name='s,x,x,'
psdir='${docdir}'
sbindir='${exec_prefix}/sbin'
sharedstatedir='${prefix}/com'
sysconfdir='/etc'
target_alias=''

## ----------- ##
## confdefs.h. ##
## ----------- ##

/* confdefs.h */
#define PACKAGE_NAME "libnfc"
#define PACKAGE_TARNAME "libnfc"
#define PACKAGE_VERSION "1.7.1"
#define PACKAGE_STRING "libnfc 1.7.1"
#define PACKAGE_BUGREPORT "nfc-tools@googlegroups.com"
#define PACKAGE_URL ""
#define PACKAGE "libnfc"
#define VERSION "1.7.1"
#define STDC_HEADERS 1
#define HAVE_SYS_TYPES_H 1
#define HAVE_SYS_STAT_H 1
#define HAVE_STDLIB_H 1
#define HAVE_STRING_H 1
#define HAVE_MEMORY_H 1
#define HAVE_STRINGS_H 1
#define HAVE_INTTYPES_H 1
#define HAVE_STDINT_H 1
#define HAVE_UNISTD_H 1
#define HAVE_DLFCN_H 1
#define LT_OBJDIR ".libs/"
#define STDC_HEADERS 1
#define HAVE__BOOL 1
#define HAVE_STDBOOL_H 1
#define HAVE_FCNTL_H 1
#define HAVE_LIMITS_H 1
#define HAVE_STDIO_H 1
#define HAVE_STDLIB_H 1
#define HAVE_STDINT_H 1
#define HAVE_STDDEF_H 1
#define HAVE_STDBOOL_H 1
#define HAVE_SYS_IOCTL_H 1
#define HAVE_SYS_PARAM_H 1
#define HAVE_SYS_TIME_H 1
#define HAVE_TERMIOS_H 1
#define HAVE_LINUX_SPI_SPIDEV_H 1
#define HAVE_LINUX_I2C_DEV_H 1
#define HAVE_MEMMOVE 1
#define _XOPEN_SOURCE 600
#define HAVE_MEMSET 1
#define _XOPEN_SOURCE 600
#define HAVE_SELECT 1
#define _XOPEN_SOURCE 600
#define HAVE_STRDUP 1
#define _XOPEN_SOURCE 600
#define HAVE_STRERROR 1
#define _XOPEN_SOURCE 600
#define HAVE_STRSTR 1
#define _XOPEN_SOURCE 600
#define HAVE_STRTOL 1
#define _XOPEN_SOURCE 600
#define HAVE_USLEEP 1
#define _XOPEN_SOURCE 600
#define _NETBSD_SOURCE 1
#define _DARWIN_C_SOURCE 1
#define LOG 1
#define CONFFILES 1
#define ENVVARS 1

configure: exit 0
